{"C:\\Users\\16462\\Desktop\\prob-divide-conquer\\count-zeroes.js": {"path":"C:\\Users\\16462\\Desktop\\prob-divide-conquer\\count-zeroes.js","statementMap":{"0":{"start":{"line":1,"column":10},"end":{"line":1,"column":28}},"1":{"start":{"line":4,"column":15},"end":{"line":4,"column":17}},"2":{"start":{"line":6,"column":0},"end":{"line":10,"column":1}},"3":{"start":{"line":7,"column":0},"end":{"line":9,"column":1}},"4":{"start":{"line":8,"column":4},"end":{"line":8,"column":18}},"5":{"start":{"line":12,"column":0},"end":{"line":12,"column":21}},"6":{"start":{"line":15,"column":0},"end":{"line":15,"column":28}}},"fnMap":{"0":{"name":"countZeroes","decl":{"start":{"line":3,"column":9},"end":{"line":3,"column":20}},"loc":{"start":{"line":3,"column":26},"end":{"line":13,"column":1}},"line":3}},"branchMap":{"0":{"loc":{"start":{"line":7,"column":0},"end":{"line":9,"column":1}},"type":"if","locations":[{"start":{"line":7,"column":0},"end":{"line":9,"column":1}},{"start":{"line":7,"column":0},"end":{"line":9,"column":1}}],"line":7}},"s":{"0":1,"1":4,"2":4,"3":18,"4":9,"5":4,"6":1},"f":{"0":4},"b":{"0":[9,9]},"_coverageSchema":"332fd63041d2c1bcb487cc26dd0d5f7d97098a6c","hash":"9aa2a8eac4eea365d9089ce4dfa981193958804e"}
,"C:\\Users\\16462\\Desktop\\prob-divide-conquer\\find-floor.js": {"path":"C:\\Users\\16462\\Desktop\\prob-divide-conquer\\find-floor.js","statementMap":{"0":{"start":{"line":5,"column":0},"end":{"line":5,"column":26}}},"fnMap":{"0":{"name":"findFloor","decl":{"start":{"line":1,"column":9},"end":{"line":1,"column":18}},"loc":{"start":{"line":1,"column":21},"end":{"line":3,"column":1}},"line":1}},"branchMap":{},"s":{"0":1},"f":{"0":1},"b":{},"_coverageSchema":"332fd63041d2c1bcb487cc26dd0d5f7d97098a6c","hash":"3e475e206b96c503a7a9efae8bcda68d36802aa6"}
,"C:\\Users\\16462\\Desktop\\prob-divide-conquer\\find-rotated-index.js": {"path":"C:\\Users\\16462\\Desktop\\prob-divide-conquer\\find-rotated-index.js","statementMap":{"0":{"start":{"line":3,"column":4},"end":{"line":7,"column":5}},"1":{"start":{"line":4,"column":8},"end":{"line":6,"column":9}},"2":{"start":{"line":5,"column":12},"end":{"line":5,"column":20}},"3":{"start":{"line":9,"column":3},"end":{"line":9,"column":12}},"4":{"start":{"line":12,"column":0},"end":{"line":12,"column":33}}},"fnMap":{"0":{"name":"findRotatedIndex","decl":{"start":{"line":1,"column":9},"end":{"line":1,"column":25}},"loc":{"start":{"line":1,"column":39},"end":{"line":10,"column":1}},"line":1}},"branchMap":{"0":{"loc":{"start":{"line":4,"column":8},"end":{"line":6,"column":9}},"type":"if","locations":[{"start":{"line":4,"column":8},"end":{"line":6,"column":9}},{"start":{"line":4,"column":8},"end":{"line":6,"column":9}}],"line":4}},"s":{"0":5,"1":26,"2":3,"3":2,"4":1},"f":{"0":5},"b":{"0":[3,23]},"_coverageSchema":"332fd63041d2c1bcb487cc26dd0d5f7d97098a6c","hash":"b8ee1cf48faadb628232b93d5cb17b7cc851a478"}
,"C:\\Users\\16462\\Desktop\\prob-divide-conquer\\find-rotation-count.js": {"path":"C:\\Users\\16462\\Desktop\\prob-divide-conquer\\find-rotation-count.js","statementMap":{"0":{"start":{"line":5,"column":0},"end":{"line":5,"column":34}}},"fnMap":{"0":{"name":"findRotationCount","decl":{"start":{"line":1,"column":9},"end":{"line":1,"column":26}},"loc":{"start":{"line":1,"column":29},"end":{"line":3,"column":1}},"line":1}},"branchMap":{},"s":{"0":1},"f":{"0":1},"b":{},"_coverageSchema":"332fd63041d2c1bcb487cc26dd0d5f7d97098a6c","hash":"c9356935e76e3665b02675e237dfdbd98a30b9c8"}
,"C:\\Users\\16462\\Desktop\\prob-divide-conquer\\sorted-frequency.js": {"path":"C:\\Users\\16462\\Desktop\\prob-divide-conquer\\sorted-frequency.js","statementMap":{"0":{"start":{"line":2,"column":18},"end":{"line":2,"column":20}},"1":{"start":{"line":4,"column":4},"end":{"line":8,"column":5}},"2":{"start":{"line":5,"column":8},"end":{"line":7,"column":9}},"3":{"start":{"line":6,"column":12},"end":{"line":6,"column":30}},"4":{"start":{"line":10,"column":4},"end":{"line":14,"column":5}},"5":{"start":{"line":11,"column":8},"end":{"line":11,"column":17}},"6":{"start":{"line":13,"column":8},"end":{"line":13,"column":27}},"7":{"start":{"line":18,"column":0},"end":{"line":18,"column":32}}},"fnMap":{"0":{"name":"sortedFrequency","decl":{"start":{"line":1,"column":9},"end":{"line":1,"column":24}},"loc":{"start":{"line":1,"column":38},"end":{"line":16,"column":1}},"line":1}},"branchMap":{"0":{"loc":{"start":{"line":5,"column":8},"end":{"line":7,"column":9}},"type":"if","locations":[{"start":{"line":5,"column":8},"end":{"line":7,"column":9}},{"start":{"line":5,"column":8},"end":{"line":7,"column":9}}],"line":5},"1":{"loc":{"start":{"line":10,"column":4},"end":{"line":14,"column":5}},"type":"if","locations":[{"start":{"line":10,"column":4},"end":{"line":14,"column":5}},{"start":{"line":10,"column":4},"end":{"line":14,"column":5}}],"line":10}},"s":{"0":4,"1":4,"2":28,"3":7,"4":4,"5":1,"6":3,"7":1},"f":{"0":4},"b":{"0":[7,21],"1":[1,3]},"_coverageSchema":"332fd63041d2c1bcb487cc26dd0d5f7d97098a6c","hash":"f8384ed9f07bda2f9b10e9eb0217c3dc745dd60c"}
}
