TN:
SF:C:\Users\16462\Desktop\prob-divide-conquer\count-zeroes.js
FN:3,countZeroes
FNF:1
FNH:1
FNDA:4,countZeroes
DA:1,1
DA:4,4
DA:6,4
DA:7,18
DA:8,9
DA:12,4
DA:15,1
LF:7
LH:7
BRDA:7,0,0,9
BRDA:7,0,1,9
BRF:2
BRH:2
end_of_record
TN:
SF:C:\Users\16462\Desktop\prob-divide-conquer\find-floor.js
FN:1,findFloor
FNF:1
FNH:1
FNDA:1,findFloor
DA:5,1
LF:1
LH:1
BRF:0
BRH:0
end_of_record
TN:
SF:C:\Users\16462\Desktop\prob-divide-conquer\find-rotated-index.js
FN:1,findRotatedIndex
FNF:1
FNH:1
FNDA:5,findRotatedIndex
DA:3,5
DA:4,26
DA:5,3
DA:9,2
DA:12,1
LF:5
LH:5
BRDA:4,0,0,3
BRDA:4,0,1,23
BRF:2
BRH:2
end_of_record
TN:
SF:C:\Users\16462\Desktop\prob-divide-conquer\find-rotation-count.js
FN:1,findRotationCount
FNF:1
FNH:1
FNDA:1,findRotationCount
DA:5,1
LF:1
LH:1
BRF:0
BRH:0
end_of_record
TN:
SF:C:\Users\16462\Desktop\prob-divide-conquer\sorted-frequency.js
FN:1,sortedFrequency
FNF:1
FNH:1
FNDA:4,sortedFrequency
DA:2,4
DA:4,4
DA:5,28
DA:6,7
DA:10,4
DA:11,1
DA:13,3
DA:18,1
LF:8
LH:8
BRDA:5,0,0,7
BRDA:5,0,1,21
BRDA:10,1,0,1
BRDA:10,1,1,3
BRF:4
BRH:4
end_of_record
